"D:/Workshop/UE4/UnrealGame/Content/Maps/TestMap/1.uasset" 0
"D:/Workshop/UE4/UnrealGame/Content/Assets/FX/1.uasset" 1
"D:/Workshop/UE4/UnrealGame/Content/Assets/Models/1.uasset" 2
"D:/Workshop/UE4/UnrealGame/Content/Assets/Shaders/1.uasset" 3
"D:/Workshop/UE4/UnrealGame/Content/Audio/Music/1.uasset" 4
"D:/Workshop/UE4/UnrealGame/Content/Audio/Sounds/1.uasset" 5
"D:/Workshop/UE4/UnrealGame/Content/GameData/NewBlueprint.uasset" 6
"D:/Workshop/UE4/UnrealGame/Content/GameData/Data/Data_Interface.uasset" 7
"D:/Workshop/UE4/UnrealGame/Content/GameData/Data/Data_GameState.uasset" 8
"D:/Workshop/UE4/UnrealGame/Content/GameData/Data/Data_PlayerState.uasset" 9
"D:/Workshop/UE4/UnrealGame/Content/GUI/GameHUD/GameHUD.uasset" 10
"D:/Workshop/UE4/UnrealGame/Content/GameData/Data/Data_GameMode.uasset" 11
"D:/Workshop/UE4/UnrealGame/Content/GameData/Data/Data_PlayerController.uasset" 12
"D:/Workshop/UE4/UnrealGame/Content/GameData/Data/GameData.uasset" 13
"D:/Workshop/UE4/UnrealGame/Content/GameData/Gameplay/1.uasset" 14
"D:/Workshop/UE4/UnrealGame/Content/GUI/MainMenu/MainMenuAssets/Side_Menu_Plank.uasset" 15
"D:/Workshop/UE4/UnrealGame/Content/GUI/MainMenu/MainMenuAssets/UE_logo2.uasset" 16
"D:/Workshop/UE4/UnrealGame/Content/GUI/MainMenu/MainMenuVideo/UELogo.uasset" 17
"D:/Workshop/UE4/UnrealGame/Content/GUI/MainMenu/MainMenuWidgets/Credits.uasset" 18
"D:/Workshop/UE4/UnrealGame/Content/GUI/MainMenu/MainMenuWidgets/StartMenuWidget.uasset" 19
"D:/Workshop/UE4/UnrealGame/Content/Object/Faction/Evil/1.uasset" 20
"D:/Workshop/UE4/UnrealGame/Content/Object/Faction/Good/1.uasset" 21
"../../../Engine/Content/Functions/Engine_MaterialFunctions01/Opacity/CameraDepthFade.uasset" 22
"../../../Engine/Content/EngineMaterials/T_Default_Material_Grid_M.uasset" 23
"../../../Engine/Content/EngineMaterials/T_Default_Material_Grid_N.uasset" 24
"../../../Engine/Content/EngineMaterials/WorldGridMaterial.uasset" 25
"../../../Engine/Content/ArtTools/RenderToTexture/Meshes/S_1_Unit_Plane.uasset" 26
"../../../Engine/Content/EngineMaterials/DefaultMaterial.uasset" 27
"../../../Engine/Content/BasicShapes/Cone.uasset" 28
"../../../Engine/Content/BasicShapes/Cube.uasset" 29
"../../../Engine/Content/BasicShapes/Cylinder.uasset" 30
"../../../Engine/Content/BasicShapes/Plane.uasset" 31
"../../../Engine/Content/BasicShapes/Sphere.uasset" 32
"../../../Engine/Content/EditorLandscapeResources/DataLayer.uasset" 33
"../../../Engine/Content/EditorMaterials/GizmoMaterial.uasset" 34
"../../../Engine/Content/EditorMaterials/MAT_Groups_Toggle.uasset" 35
"../../../Engine/Content/EditorMaterials/MAT_Groups_Visibility.uasset" 36
"../../../Engine/Content/EditorMaterials/PreviewShadowIndicator.uasset" 37
"../../../Engine/Content/EditorMaterials/PreviewShadowIndicatorMaterial.uasset" 38
"../../../Engine/Content/EditorMaterials/MatineeGroups/MAT_ColorTrack.uasset" 39
"../../../Engine/Content/EditorMaterials/MatineeGroups/MAT_Groups_Anim.uasset" 40
"../../../Engine/Content/EditorMaterials/MatineeGroups/MAT_Groups_AudioMaster.uasset" 41
"../../../Engine/Content/EditorMaterials/MatineeGroups/MAT_Groups_Director.uasset" 42
"../../../Engine/Content/EditorMaterials/MatineeGroups/MAT_Groups_Event.uasset" 43
"../../../Engine/Content/EditorMaterials/MatineeGroups/MAT_Groups_Fade.uasset" 44
"../../../Engine/Content/EditorMaterials/MatineeGroups/MAT_Groups_Float.uasset" 45
"../../../Engine/Content/EditorMaterials/MatineeGroups/MAT_Groups_Move.uasset" 46
"../../../Engine/Content/EditorMaterials/MatineeGroups/MAT_Groups_Slomo.uasset" 47
"../../../Engine/Content/EditorMaterials/MatineeGroups/MAT_Groups_Sound.uasset" 48
"../../../Engine/Content/EditorMaterials/MatineeGroups/MAT_Groups_Vector.uasset" 49
"../../../Engine/Content/EditorMaterials/ParticleSystems/PSysThumbnail_NoImage.uasset" 50
"../../../Engine/Content/EditorMaterials/ParticleSystems/PSysThumbnail_OOD.uasset" 51
"../../../Engine/Content/EditorMaterials/Camera/CineMat.uasset" 52
"../../../Engine/Content/EditorMaterials/Camera/MI_CineMat_Rig.uasset" 53
"../../../Engine/Content/EditorMeshes/Camera/SM_CraneRig_Arm.uasset" 54
"../../../Engine/Content/EditorMeshes/Camera/SM_CraneRig_Base.uasset" 55
"../../../Engine/Content/EditorMeshes/Camera/SM_CraneRig_Body.uasset" 56
"../../../Engine/Content/EditorMeshes/Camera/SM_CraneRig_Mount.uasset" 57
"../../../Engine/Content/EditorMeshes/Camera/SM_RailRig_Mount.uasset" 58
"../../../Engine/Content/EditorMeshes/Camera/SM_RailRig_Track.uasset" 59
"../../../Engine/Content/EditorResources/BSPVertex.uasset" 60
"../../../Engine/Content/EditorResources/EmptyActor.uasset" 61
"../../../Engine/Content/EditorResources/S_Actor.uasset" 62
"../../../Engine/Content/EditorResources/S_Trigger.uasset" 63
"../../../Engine/Content/EditorResources/LightIcons/S_LightError.uasset" 64
"../../../Engine/Content/EditorResources/SequenceRecorder/Countdown.uasset" 65
"../../../Engine/Content/EditorResources/SequenceRecorder/RecordingIndicator.uasset" 66
"../../../Engine/Content/EditorSounds/Notifications/CompileFailed.uasset" 67
"../../../Engine/Content/EditorSounds/Notifications/CompileFailed_Cue.uasset" 68
"../../../Engine/Content/EditorSounds/Notifications/CompileSuccess.uasset" 69
"../../../Engine/Content/EditorSounds/Notifications/CompileStart_Cue.uasset" 70
"../../../Engine/Content/EditorSounds/Notifications/CompileSuccess_Cue.uasset" 71
"../../../Engine/Content/EngineDamageTypes/DmgTypeBP_Environmental.uasset" 72
"../../../Engine/Content/EngineDebugMaterials/HeatmapGradient.uasset" 73
"../../../Engine/Content/EngineDebugMaterials/BoneWeightMaterial.uasset" 74
"../../../Engine/Content/EngineDebugMaterials/ClothMaterial.uasset" 75
"../../../Engine/Content/EngineDebugMaterials/ClothMaterial_WF.uasset" 76
"../../../Engine/Content/EngineDebugMaterials/DebugEditorMaterial.uasset" 77
"../../../Engine/Content/EngineDebugMaterials/DebugMeshMaterial.uasset" 78
"../../../Engine/Content/EngineDebugMaterials/GeomMaterial.uasset" 79
"../../../Engine/Content/EngineDebugMaterials/M_SimpleTranslucent.uasset" 80
"../../../Engine/Content/EngineFonts/Faces/RobotoBold.uasset" 81
"../../../Engine/Content/EngineFonts/Faces/RobotoBoldItalic.uasset" 82
"../../../Engine/Content/EngineFonts/Faces/RobotoItalic.uasset" 83
"../../../Engine/Content/EngineFonts/Faces/RobotoLight.uasset" 84
"../../../Engine/Content/EngineFonts/Faces/RobotoRegular.uasset" 85
"../../../Engine/Content/EngineFonts/Roboto.uasset" 86
"../../../Engine/Content/EngineFonts/Faces/RobotoTiny.uasset" 87
"../../../Engine/Content/EngineFonts/RobotoTiny.uasset" 88
"../../../Engine/Content/EngineMaterials/BaseFlattenDiffuseMap.uasset" 89
"../../../Engine/Content/EngineMaterials/BaseFlattenEmissiveMap.uasset" 90
"../../../Engine/Content/EngineMaterials/BaseFlattenGrayscaleMap.uasset" 91
"../../../Engine/Content/EngineMaterials/BaseFlattenNormalMap.uasset" 92
"../../../Engine/Content/EngineMaterials/BaseFlattenMaterial.uasset" 93
"../../../Engine/Content/EngineMaterials/DefaultBloomKernel.uasset" 94
"../../../Engine/Content/EngineMaterials/DefaultBokeh.uasset" 95
"../../../Engine/Content/EngineMaterials/DefaultDiffuse.uasset" 96
"../../../Engine/Content/EngineMaterials/DefaultDeferredDecalMaterial.uasset" 97
"../../../Engine/Content/EngineMaterials/DefaultLightFunctionMaterial.uasset" 98
"../../../Engine/Content/EngineMaterials/DefaultPhysicalMaterial.uasset" 99
"../../../Engine/Content/Functions/Engine_MaterialFunctions02/Utility/BreakOutFloat2Components.uasset" 100
"../../../Engine/Content/EngineMaterials/DefaultPostProcessMaterial.uasset" 101
"../../../Engine/Content/EngineFonts/RobotoDistanceField.uasset" 102
"../../../Engine/Content/EngineMaterials/DefaultTextMaterialOpaque.uasset" 103
"../../../Engine/Content/EngineMaterials/DefaultWhiteGrid.uasset" 104
"../../../Engine/Content/EngineMaterials/EditorBrushMaterial.uasset" 105
"../../../Engine/Content/EngineMaterials/Good64x64TilingNoiseHighFreq.uasset" 106
"../../../Engine/Content/EngineMaterials/MiniFont.uasset" 107
"../../../Engine/Content/EngineMaterials/InvalidLightmapSettings.uasset" 108
"../../../Engine/Content/EngineMaterials/M_InvalidLightmapSettings.uasset" 109
"../../../Engine/Content/Functions/Engine_MaterialFunctions02/WorldPositionOffset/CameraOffset.uasset" 110
"../../../Engine/Content/EngineMaterials/PhAT_JointLimitMaterial.uasset" 111
"../../../Engine/Content/EngineMaterials/PreintegratedSkinBRDF.uasset" 112
"../../../Engine/Content/EngineMaterials/RemoveSurfaceMaterial.uasset" 113
"../../../Engine/Content/EngineMaterials/WeightMapPlaceholderTexture.uasset" 114
"../../../Engine/Content/EngineResources/WhiteSquareTexture.uasset" 115
"../../../Engine/Content/EngineMaterials/Widget3DPassThrough.uasset" 116
"../../../Engine/Content/EngineMaterials/Widget3DPassThrough_Masked.uasset" 117
"../../../Engine/Content/EngineMaterials/Widget3DPassThrough_Opaque.uasset" 118
"../../../Engine/Content/EngineMaterials/Widget3DPassThrough_Masked_OneSided.uasset" 119
"../../../Engine/Content/EngineMaterials/Widget3DPassThrough_Opaque_OneSided.uasset" 120
"../../../Engine/Content/EngineMaterials/Widget3DPassThrough_Translucent.uasset" 121
"../../../Engine/Content/EngineMaterials/Widget3DPassThrough_Translucent_OneSided.uasset" 122
"../../../Engine/Content/EngineMeshes/Cylinder.uasset" 123
"../../../Engine/Content/EngineMeshes/Sphere.uasset" 124
"../../../Engine/Content/EngineResources/Black.uasset" 125
"../../../Engine/Content/EngineResources/DefaultTexture.uasset" 126
"../../../Engine/Content/EngineResources/DefaultTextureCube.uasset" 127
"../../../Engine/Content/EngineResources/DefaultVolumeTexture2D.uasset" 128
"../../../Engine/Content/EngineResources/DefaultVolumeTexture.uasset" 129
"../../../Engine/Content/EngineResources/GradientTexture0.uasset" 130
"../../../Engine/Content/EngineSounds/Master.uasset" 131
"../../../Engine/Content/Functions/Engine_MaterialFunctions01/Shading/ConvertFromDiffSpec.uasset" 132
"../../../Engine/Content/Functions/Engine_MaterialFunctions01/Shading/PowerToRoughness.uasset" 133
"../../../Engine/Content/Maps/Templates/Thumbnails/Default.uasset" 134
"../../../Engine/Content/Maps/Templates/Thumbnails/VR-Basic.uasset" 135
"../../../Engine/Content/MobileResources/T_MobileControls_texture.uasset" 136
"../../../Engine/Content/MobileResources/T_MobileMenu2.uasset" 137
"../../../Engine/Content/MobileResources/HUD/AnalogHat.uasset" 138
"../../../Engine/Content/MobileResources/HUD/VirtualJoystick_Background.uasset" 139
"../../../Engine/Content/MobileResources/HUD/VirtualJoystick_Thumb.uasset" 140
"../../../Engine/Content/MobileResources/HUD/DefaultVirtualJoysticks.uasset" 141
"../../../Engine/Content/MobileResources/HUD/LeftVirtualJoystickOnly.uasset" 142
"../../../Engine/Content/MobileResources/HUD/MobileHUDButton1_off.uasset" 143
"../../../Engine/Content/MobileResources/HUD/MobileHUDButton1_on.uasset" 144
"../../../Engine/Content/MobileResources/HUD/MobileHUDButton2_off.uasset" 145
"../../../Engine/Content/MobileResources/HUD/MobileHUDButton2_on.uasset" 146
"../../../Engine/Content/MobileResources/HUD/MobileHUDButton3.uasset" 147
"../../../Engine/Content/MobileResources/HUD/MobileHUDButtonFire.uasset" 148
"../../../Engine/Content/MobileResources/HUD/MobileHUDDirectionPad.uasset" 149
"../../../Engine/Content/MobileResources/HUD/MobileHUDDirectionPad2.uasset" 150
"../../../Engine/Content/MobileResources/HUD/MobileHUDDirectionPad3.uasset" 151
"../../../Engine/Content/MobileResources/HUD/MobileHUDDirectionStick.uasset" 152
"../../../Engine/Content/MobileResources/HUD/T_Castle_ThumbstickInner.uasset" 153
"../../../Engine/Content/MobileResources/HUD/T_Castle_ThumbstickOutter.uasset" 154
"../../../Engine/Content/Tutorial/ContentIntroCurve.uasset" 155
"../../../Engine/Content/Tutorial/Basics/TutorialAssets/icon_tab_Levels_40x.uasset" 156
"../../../Engine/Content/VREditor/LaserPointer/VR_LaserPower_01.uasset" 157
"../../../Engine/Content/VREditor/TransformGizmo/TransformGizmoMaterial.uasset" 158
"../../../Engine/Content/VREditor/TransformGizmo/TranslucentTransformGizmoMaterial.uasset" 159
"../../../Engine/Content/VREditor/TransformGizmo/BoundingBoxCorner.uasset" 160
"../../../Engine/Content/VREditor/TransformGizmo/BoundingBoxEdge.uasset" 161
"../../../Engine/Content/VREditor/TransformGizmo/PlaneTranslationHandle.uasset" 162
"../../../Engine/Content/VREditor/TransformGizmo/Main.uasset" 163
"../../../Engine/Content/VREditor/TransformGizmo/Xray.uasset" 164
"../../../Engine/Content/VREditor/TransformGizmo/SM_Sequencer_Key.uasset" 165
"../../../Engine/Content/VREditor/TransformGizmo/SM_Sequencer_Node.uasset" 166
"../../Plugins/2D/Paper2D/Content/PlaceholderTextures/DummySpriteTexture.uasset" 167
"../../Plugins/2D/Paper2D/Content/DummySprite.uasset" 168
"../../Plugins/2D/Paper2D/Content/DefaultPaperTerrainMaterial.uasset" 169
"../../Plugins/2D/Paper2D/Content/DefaultSpriteMaterial.uasset" 170
"../../Plugins/2D/Paper2D/Content/MaskedUnlitSpriteMaterial.uasset" 171
"../../Plugins/2D/Paper2D/Content/OpaqueUnlitSpriteMaterial.uasset" 172
"../../Plugins/Runtime/Oculus/OculusVR/Content/Materials/PokeAHoleMaterial.uasset" 173
"../../Plugins/Runtime/Oculus/OculusVR/Content/Textures/GearVRController_AO.uasset" 174
"../../Plugins/Runtime/Oculus/OculusVR/Content/Textures/GearVRController_Color.uasset" 175
"../../Plugins/Runtime/Oculus/OculusVR/Content/Textures/GearVRController_Normal.uasset" 176
"../../Plugins/Runtime/Oculus/OculusVR/Content/Materials/GearVRControllerMaterial.uasset" 177
"../../Plugins/Runtime/Oculus/OculusVR/Content/Meshes/GearVrController.uasset" 178
"../../Plugins/Runtime/Oculus/OculusVR/Content/Textures/touchController_albedo.uasset" 179
"../../Plugins/Runtime/Oculus/OculusVR/Content/Textures/touchController_controlmap.uasset" 180
"../../Plugins/Runtime/Oculus/OculusVR/Content/Materials/touchController_mat.uasset" 181
"../../Plugins/Runtime/Oculus/OculusVR/Content/Meshes/LeftTouchController.uasset" 182
"../../Plugins/Runtime/Oculus/OculusVR/Content/Meshes/RiftHMD.uasset" 183
"../../Plugins/Runtime/Oculus/OculusVR/Content/Meshes/RightTouchController.uasset" 184
"D:/Workshop/UE4/UnrealGame/Content/GameData/Data/default/SpawnPoint.uasset" 185
"../../../Engine/Content/EditorBlueprintResources/StandardMacros.uasset" 186
"../../../Engine/Content/EngineSky/C_Sky_Cloud_Color.uasset" 187
"../../../Engine/Content/EngineSky/C_Sky_Horizon_Color.uasset" 188
"../../../Engine/Content/EngineSky/C_Sky_Zenith_Color.uasset" 189
"../../../Engine/Content/EngineSky/T_Sky_Blue.uasset" 190
"../../../Engine/Content/EngineSky/T_Sky_Clouds_M.uasset" 191
"../../../Engine/Content/EngineSky/T_Sky_Stars.uasset" 192
"../../../Engine/Content/EngineSky/M_Sky_Panning_Clouds2.uasset" 193
"../../../Engine/Content/EngineSky/SM_SkySphere.uasset" 194
"../../../Engine/Content/EngineSky/BP_Sky_Sphere.uasset" 195
"D:/Workshop/UE4/UnrealGame/Content/GameData/Camera/CameraDefault.uasset" 196
"D:/Workshop/UE4/UnrealGame/Content/Assets/Models/Camera/Materials/Camera1.uasset" 197
"D:/Workshop/UE4/UnrealGame/Content/Assets/Models/Camera/Meshes/Camera_Player1.uasset" 198
"D:/Workshop/UE4/UnrealGame/Content/GameData/Camera/Camera_Player1.uasset" 199
"D:/Workshop/UE4/UnrealGame/Content/Assets/Models/Camera/Materials/Camera2.uasset" 200
"D:/Workshop/UE4/UnrealGame/Content/Assets/Models/Camera/Meshes/Camera_Player2.uasset" 201
"D:/Workshop/UE4/UnrealGame/Content/GameData/Camera/Camera_Player2.uasset" 202
"D:/Workshop/UE4/UnrealGame/Content/GameData/Data/Data_GameInstance.uasset" 203
"D:/Workshop/UE4/UnrealGame/Content/Maps/TestMap/TestMap_BuiltData.uasset" 204
"../../../Engine/Content/MapTemplates/SM_Template_Map_Floor.uasset" 205
"D:/Workshop/UE4/UnrealGame/Content/Maps/TestMap/TestMap.umap" 206
"../../../Engine/Content/EditorResources/BadBlueprintSprite.uasset" 207
"D:/Workshop/UE4/UnrealGame/Content/GUI/MainMenu/MainMenuLevels/Credits.umap" 208
"D:/Workshop/UE4/UnrealGame/Content/GUI/MainMenu/MainMenuAssets/MicraFont.uasset" 209
"D:/Workshop/UE4/UnrealGame/Content/GUI/MainMenu/MainMenuAssets/MicraFont_Font.uasset" 210
"D:/Workshop/UE4/UnrealGame/Content/GUI/MainMenu/MainMenuAssets/Background.uasset" 211
"D:/Workshop/UE4/UnrealGame/Content/GUI/MainMenu/MainMenuWidgets/MainMenuWidget.uasset" 212
"D:/Workshop/UE4/UnrealGame/Content/GUI/MainMenu/MainMenuLevels/MainMenuLevel.umap" 213
"D:/Workshop/UE4/UnrealGame/Content/GUI/MainMenu/MainMenuAssets/StartGameArt.uasset" 214
"D:/Workshop/UE4/UnrealGame/Content/GUI/MainMenu/MainMenuWidgets/Options.uasset" 215
"D:/Workshop/UE4/UnrealGame/Content/GUI/MainMenu/MainMenuLevels/Options.umap" 216
"D:/Workshop/UE4/UnrealGame/Content/GUI/MainMenu/MainMenuLevels/StartMenu.umap" 217
"../../../Engine/Content/Maps/Entry_BuiltData.uasset" 218
"../../../Engine/Content/Maps/Entry.umap" 219
